<?xml version="1.0" encoding="UTF-8"?>
<!-- Generated by org.testng.reporters.JUnitXMLReporter -->
<testsuite hostname="Owner-PC" name="Command line test" tests="4" failures="0" timestamp="9 Jun 2016 10:23:28 GMT" time="31.761" errors="0">
  <testcase name="goToHomepage" time="5.586" classname="HostelworldTests.section2.HostelsSortOrderTest"/>
  <testcase name="searchProperties" time="6.938" classname="HostelworldTests.section2.HostelsSortOrderTest"/>
  <testcase name="useCase1SortByName" time="5.239" classname="HostelworldTests.section2.HostelsSortOrderTest"/>
  <testcase name="useCase2SortByPrice" time="5.392" classname="HostelworldTests.section2.HostelsSortOrderTest"/>
</testsuite> <!-- Command line test -->
