<?xml version="1.0" encoding="UTF-8"?>
<!-- Generated by org.testng.reporters.JUnitXMLReporter -->
<testsuite hostname="Owner-PC" name="Command line test" tests="4" failures="0" timestamp="10 Jun 2016 13:32:54 GMT" time="33.92" errors="0">
  <testcase name="goToHomepage" time="5.026" classname="HostelworldTests.section2.HostelsSortOrderTest"/>
  <testcase name="searchProperties" time="5.984" classname="HostelworldTests.section2.HostelsSortOrderTest"/>
  <testcase name="useCase1SortByName" time="9.406" classname="HostelworldTests.section2.HostelsSortOrderTest"/>
  <testcase name="useCase2SortByPrice" time="3.785" classname="HostelworldTests.section2.HostelsSortOrderTest"/>
</testsuite> <!-- Command line test -->
