<?xml version="1.0" encoding="UTF-8"?>
<!-- Generated by org.testng.reporters.JUnitXMLReporter -->
<testsuite hostname="Owner-PC" name="Command line test" tests="4" failures="0" timestamp="7 Jun 2016 02:19:33 GMT" time="39.737" errors="0">
  <testcase name="goToHomepage" time="4.453" classname="HostelworldTests.section2.HostelsAlphabeticalOrderTest"/>
  <testcase name="searchProperties" time="5.428" classname="HostelworldTests.section2.HostelsAlphabeticalOrderTest"/>
  <testcase name="sortByName" time="10.652" classname="HostelworldTests.section2.HostelsAlphabeticalOrderTest"/>
  <testcase name="sortByPrice" time="11.085" classname="HostelworldTests.section2.HostelsAlphabeticalOrderTest"/>
</testsuite> <!-- Command line test -->
